Using pre-set license
Built from '2021.3/staging' branch; Version is '2021.3.11f1 (0a5ca18544bf) revision 679073'; Using compiler version '192829333'; Build Type 'Release'
OS: 'Windows 10  (10.0.19044) 64bit Professional' Language: 'pl' Physical Memory: 16310 MB
BatchMode: 1, IsHumanControllingUs: 0, StartBugReporterOnCrash: 0, Is64bit: 1, IsPro: 1

COMMAND LINE ARGUMENTS:
F:\unityeditor\2021.3.11f1\Editor\Unity.exe
-adb2
-batchMode
-noUpm
-name
AssetImportWorker0
-projectPath
D:/UnityWyspaPiracka/zadanie
-logFile
Logs/AssetImportWorker0.log
-srvPort
57688
Successfully changed project path to: D:/UnityWyspaPiracka/zadanie
D:/UnityWyspaPiracka/zadanie
[UnityMemory] Configuration Parameters - Can be set up in boot.config
    "memorysetup-bucket-allocator-granularity=16"
    "memorysetup-bucket-allocator-bucket-count=8"
    "memorysetup-bucket-allocator-block-size=33554432"
    "memorysetup-bucket-allocator-block-count=8"
    "memorysetup-main-allocator-block-size=16777216"
    "memorysetup-thread-allocator-block-size=16777216"
    "memorysetup-gfx-main-allocator-block-size=16777216"
    "memorysetup-gfx-thread-allocator-block-size=16777216"
    "memorysetup-cache-allocator-block-size=4194304"
    "memorysetup-typetree-allocator-block-size=2097152"
    "memorysetup-profiler-bucket-allocator-granularity=16"
    "memorysetup-profiler-bucket-allocator-bucket-count=8"
    "memorysetup-profiler-bucket-allocator-block-size=33554432"
    "memorysetup-profiler-bucket-allocator-block-count=8"
    "memorysetup-profiler-allocator-block-size=16777216"
    "memorysetup-profiler-editor-allocator-block-size=1048576"
    "memorysetup-temp-allocator-size-main=16777216"
    "memorysetup-job-temp-allocator-block-size=2097152"
    "memorysetup-job-temp-allocator-block-size-background=1048576"
    "memorysetup-job-temp-allocator-reduction-small-platforms=262144"
    "memorysetup-temp-allocator-size-background-worker=32768"
    "memorysetup-temp-allocator-size-job-worker=262144"
    "memorysetup-temp-allocator-size-preload-manager=33554432"
    "memorysetup-temp-allocator-size-nav-mesh-worker=65536"
    "memorysetup-temp-allocator-size-audio-worker=65536"
    "memorysetup-temp-allocator-size-cloud-worker=32768"
    "memorysetup-temp-allocator-size-gi-baking-worker=262144"
    "memorysetup-temp-allocator-size-gfx=262144"
Refreshing native plugins compatible for Editor in 67.06 ms, found 3 plugins.
Preloading 0 native plugins for Editor in 0.00 ms.
Initialize engine version: 2021.3.11f1 (0a5ca18544bf)
[Subsystems] Discovering subsystems at path F:/unityeditor/2021.3.11f1/Editor/Data/Resources/UnitySubsystems
[Subsystems] Discovering subsystems at path D:/UnityWyspaPiracka/zadanie/Assets
GfxDevice: creating device client; threaded=0; jobified=0
Direct3D:
    Version:  Direct3D 11.0 [level 11.1]
    Renderer: AMD Radeon RX 6750 XT (ID=0x73df)
    Vendor:   ATI
    VRAM:     12242 MB
    Driver:   31.0.14057.5006
Initialize mono
Mono path[0] = 'F:/unityeditor/2021.3.11f1/Editor/Data/Managed'
Mono path[1] = 'F:/unityeditor/2021.3.11f1/Editor/Data/MonoBleedingEdge/lib/mono/unityjit-win32'
Mono config path = 'F:/unityeditor/2021.3.11f1/Editor/Data/MonoBleedingEdge/etc'
Using monoOptions --debugger-agent=transport=dt_socket,embedding=1,server=y,suspend=n,address=127.0.0.1:56304
Begin MonoManager ReloadAssembly
Registering precompiled unity dll's ...
Register platform support module: F:/unityeditor/2021.3.11f1/Editor/Data/PlaybackEngines/WindowsStandaloneSupport/UnityEditor.WindowsStandalone.Extensions.dll
Registered in 0.001735 seconds.
Native extension for WindowsStandalone target not found
Refreshing native plugins compatible for Editor in 64.14 ms, found 3 plugins.
Preloading 0 native plugins for Editor in 0.00 ms.
Mono: successfully reloaded assembly
- Completed reload, in  0.452 seconds
Domain Reload Profiling:
	ReloadAssembly (453ms)
		BeginReloadAssembly (48ms)
			ExecutionOrderSort (0ms)
			DisableScriptedObjects (0ms)
			BackupInstance (0ms)
			ReleaseScriptingObjects (0ms)
			CreateAndSetChildDomain (0ms)
		EndReloadAssembly (334ms)
			LoadAssemblies (47ms)
			RebuildTransferFunctionScriptingTraits (0ms)
			SetupTypeCache (73ms)
			ReleaseScriptCaches (0ms)
			RebuildScriptCaches (19ms)
			SetupLoadedEditorAssemblies (207ms)
				LogAssemblyErrors (0ms)
				InitializePlatformSupportModulesInManaged (5ms)
				SetLoadedEditorAssemblies (0ms)
				RefreshPlugins (64ms)
				BeforeProcessingInitializeOnLoad (1ms)
				ProcessInitializeOnLoadAttributes (103ms)
				ProcessInitializeOnLoadMethodAttributes (34ms)
				AfterProcessingInitializeOnLoad (0ms)
				EditorAssembliesLoaded (0ms)
			ExecutionOrderSort2 (0ms)
			AwakeInstancesAfterBackupRestoration (0ms)
Platform modules already initialized, skipping
Registering precompiled user dll's ...
Registered in 0.004300 seconds.
Begin MonoManager ReloadAssembly
Symbol file LoadedFromMemory doesn't match image D:\UnityWyspaPiracka\zadanie\Library\PackageCache\com.unity.visualscripting@1.7.8\Editor\VisualScripting.Core\Dependencies\YamlDotNet\Unity.VisualScripting.YamlDotNet.dll
Symbol file LoadedFromMemory doesn't match image D:\UnityWyspaPiracka\zadanie\Library\PackageCache\com.unity.visualscripting@1.7.8\Editor\VisualScripting.Core\Dependencies\DotNetZip\Unity.VisualScripting.IonicZip.dll
Native extension for WindowsStandalone target not found
Refreshing native plugins compatible for Editor in 66.23 ms, found 3 plugins.
Preloading 0 native plugins for Editor in 0.00 ms.
Mono: successfully reloaded assembly
- Completed reload, in  1.080 seconds
Domain Reload Profiling:
	ReloadAssembly (1081ms)
		BeginReloadAssembly (80ms)
			ExecutionOrderSort (0ms)
			DisableScriptedObjects (4ms)
			BackupInstance (0ms)
			ReleaseScriptingObjects (0ms)
			CreateAndSetChildDomain (17ms)
		EndReloadAssembly (923ms)
			LoadAssemblies (64ms)
			RebuildTransferFunctionScriptingTraits (0ms)
			SetupTypeCache (376ms)
			ReleaseScriptCaches (0ms)
			RebuildScriptCaches (41ms)
			SetupLoadedEditorAssemblies (411ms)
				LogAssemblyErrors (0ms)
				InitializePlatformSupportModulesInManaged (2ms)
				SetLoadedEditorAssemblies (0ms)
				RefreshPlugins (66ms)
				BeforeProcessingInitializeOnLoad (63ms)
				ProcessInitializeOnLoadAttributes (256ms)
				ProcessInitializeOnLoadMethodAttributes (21ms)
				AfterProcessingInitializeOnLoad (2ms)
				EditorAssembliesLoaded (0ms)
			ExecutionOrderSort2 (0ms)
			AwakeInstancesAfterBackupRestoration (6ms)
Platform modules already initialized, skipping
========================================================================
Worker process is ready to serve import requests
Launched and connected shader compiler UnityShaderCompiler.exe after 0.04 seconds
Refreshing native plugins compatible for Editor in 0.60 ms, found 3 plugins.
Preloading 0 native plugins for Editor in 0.00 ms.
Unloading 3615 Unused Serialized files (Serialized files now loaded: 0)
Unloading 49 unused Assets / (1.6 MB). Loaded Objects now: 4088.
Memory consumption went from 147.4 MB to 145.8 MB.
Total: 3.339100 ms (FindLiveObjects: 0.272000 ms CreateObjectMapping: 0.333200 ms MarkObjects: 2.454400 ms  DeleteObjects: 0.279000 ms)

AssetImportParameters requested are different than current active one (requested -> active):
  custom:video-decoder-ogg-theora: a1e56fd34408186e4bbccfd4996cb3dc -> 
  custom:container-muxer-webm: aa71ff27fc2769a1b78a27578f13a17b -> 
  custom:container-demuxer-webm: 4f35f7cbe854078d1ac9338744f61a02 -> 
  custom:video-encoder-webm-vp8: eb34c28f22e8b96e1ab97ce403110664 -> 
  custom:audio-encoder-webm-vorbis: bf7c407c2cedff20999df2af8eb42d56 -> 
  custom:framework-win-MediaFoundation: 216162199b28c13a410421893ffa2e32 -> 
  custom:container-demuxer-ogg: 62fdf1f143b41e24485cea50d1cbac27 -> 
  custom:video-decoder-webm-vp8: 9c59270c3fd7afecdb556c50c9e8de78 -> 
  custom:audio-decoder-ogg-vorbis: bf7c407c2cedff20999df2af8eb42d56 -> 
========================================================================
Received Import Request.
  Time since last request: 35591.754254 seconds.
  path: Assets/SimpleNaturePack_LWRP_2018.4_v1.22.unitypackage
  artifactKey: Guid(8851c5995be5f704babebf752d60b4e2) Importer(815301076,1909f56bfc062723c751e8b465ee728b)
Start importing Assets/SimpleNaturePack_LWRP_2018.4_v1.22.unitypackage using Guid(8851c5995be5f704babebf752d60b4e2) Importer(815301076,1909f56bfc062723c751e8b465ee728b)  -> (artifact id: '29c9ca07f004dfa88936a662c6d3ba51') in 0.033972 seconds 
========================================================================
Received Import Request.
  Time since last request: 0.902145 seconds.
  path: Assets/SimpleNaturePack_URP_2019.3_v1.22.unitypackage
  artifactKey: Guid(88c6da05db186cb44a4453fd624b31b2) Importer(815301076,1909f56bfc062723c751e8b465ee728b)
Start importing Assets/SimpleNaturePack_URP_2019.3_v1.22.unitypackage using Guid(88c6da05db186cb44a4453fd624b31b2) Importer(815301076,1909f56bfc062723c751e8b465ee728b)  -> (artifact id: '4e5b22184453ee7a95861a3eef0e80bf') in 0.009898 seconds 
========================================================================
Received Import Request.
  Time since last request: 0.713783 seconds.
  path: Assets/TropicalEnvironmentLite_2020.3.0_URP_1.0.unitypackage
  artifactKey: Guid(50c2b3d4363aaa34094eee5b1db92bfb) Importer(815301076,1909f56bfc062723c751e8b465ee728b)
Start importing Assets/TropicalEnvironmentLite_2020.3.0_URP_1.0.unitypackage using Guid(50c2b3d4363aaa34094eee5b1db92bfb) Importer(815301076,1909f56bfc062723c751e8b465ee728b)  -> (artifact id: '85d4309d68382f17f79ca93ab31cf0e5') in 0.009395 seconds 
========================================================================
Received Import Request.
  Time since last request: 2.163919 seconds.
  path: Assets/Scenes
  artifactKey: Guid(6ea315d0fd7389c41b19996891e99ae3) Importer(815301076,1909f56bfc062723c751e8b465ee728b)
Start importing Assets/Scenes using Guid(6ea315d0fd7389c41b19996891e99ae3) Importer(815301076,1909f56bfc062723c751e8b465ee728b)  -> (artifact id: 'bc172811d573b296104adb4d2728db37') in 0.009466 seconds 
========================================================================
Received Import Request.
  Time since last request: 1.554977 seconds.
  path: Assets/Scenes/SampleScene.unity
  artifactKey: Guid(9fc0d4010bbf28b4594072e72b8655ab) Importer(815301076,1909f56bfc062723c751e8b465ee728b)
Start importing Assets/Scenes/SampleScene.unity using Guid(9fc0d4010bbf28b4594072e72b8655ab) Importer(815301076,1909f56bfc062723c751e8b465ee728b)  -> (artifact id: '6c6e17c6de04a9b806c107a6aa2e82da') in 0.009711 seconds 
========================================================================
Received Import Request.
  Time since last request: 1.905274 seconds.
  path: Assets/Content
  artifactKey: Guid(d7e41cefb8e8f054487c343cfa8f2ea9) Importer(815301076,1909f56bfc062723c751e8b465ee728b)
Start importing Assets/Content using Guid(d7e41cefb8e8f054487c343cfa8f2ea9) Importer(815301076,1909f56bfc062723c751e8b465ee728b)  -> (artifact id: 'dea1bfd8ecf5007a53495b80e0fbc26b') in 0.009711 seconds 
========================================================================
Received Import Request.
  Time since last request: 2.010922 seconds.
  path: Assets/assets
  artifactKey: Guid(0d05c6afde287fa4d81022ff7c984d6e) Importer(815301076,1909f56bfc062723c751e8b465ee728b)
Start importing Assets/assets using Guid(0d05c6afde287fa4d81022ff7c984d6e) Importer(815301076,1909f56bfc062723c751e8b465ee728b)  -> (artifact id: '1b0822f73cd7ab7ea2ba3c96b9b14cf8') in 0.009795 seconds 
========================================================================
Received Import Request.
  Time since last request: 0.536088 seconds.
  path: Assets/assets/PluginMaster
  artifactKey: Guid(5297791fd2a36e84f99d8f7ba02a5629) Importer(815301076,1909f56bfc062723c751e8b465ee728b)
Start importing Assets/assets/PluginMaster using Guid(5297791fd2a36e84f99d8f7ba02a5629) Importer(815301076,1909f56bfc062723c751e8b465ee728b)  -> (artifact id: '5ad928240a31aeb136aec0b37629b59c') in 0.009294 seconds 
========================================================================
Received Import Request.
  Time since last request: 0.467271 seconds.
  path: Assets/assets/PluginMaster/DesignTools
  artifactKey: Guid(dddd27c90db281c48b7d23f7295a1c94) Importer(815301076,1909f56bfc062723c751e8b465ee728b)
Start importing Assets/assets/PluginMaster/DesignTools using Guid(dddd27c90db281c48b7d23f7295a1c94) Importer(815301076,1909f56bfc062723c751e8b465ee728b)  -> (artifact id: '3ff9155ad550c90f57293044fd48dde6') in 0.008310 seconds 
========================================================================
Received Import Request.
  Time since last request: 0.480134 seconds.
  path: Assets/assets/PluginMaster/DesignTools/Editor
  artifactKey: Guid(7324be90284ce5e4dbeb20a913e99300) Importer(815301076,1909f56bfc062723c751e8b465ee728b)
Start importing Assets/assets/PluginMaster/DesignTools/Editor using Guid(7324be90284ce5e4dbeb20a913e99300) Importer(815301076,1909f56bfc062723c751e8b465ee728b)  -> (artifact id: '28fde394b97becb39d30397373d128fc') in 0.010022 seconds 
