Using pre-set license
Built from '2021.3/staging' branch; Version is '2021.3.11f1 (0a5ca18544bf) revision 679073'; Using compiler version '192829333'; Build Type 'Release'
OS: 'Windows 10  (10.0.19045) 64bit Professional' Language: 'pl' Physical Memory: 16310 MB
BatchMode: 1, IsHumanControllingUs: 0, StartBugReporterOnCrash: 0, Is64bit: 1, IsPro: 1

COMMAND LINE ARGUMENTS:
F:\unityeditor\2021.3.11f1\Editor\Unity.exe
-adb2
-batchMode
-noUpm
-name
AssetImportWorker1
-projectPath
D:/UnityWyspaPiracka/zadanie
-logFile
Logs/AssetImportWorker1.log
-srvPort
63210
Successfully changed project path to: D:/UnityWyspaPiracka/zadanie
D:/UnityWyspaPiracka/zadanie
[UnityMemory] Configuration Parameters - Can be set up in boot.config
    "memorysetup-bucket-allocator-granularity=16"
    "memorysetup-bucket-allocator-bucket-count=8"
    "memorysetup-bucket-allocator-block-size=33554432"
    "memorysetup-bucket-allocator-block-count=8"
    "memorysetup-main-allocator-block-size=16777216"
    "memorysetup-thread-allocator-block-size=16777216"
    "memorysetup-gfx-main-allocator-block-size=16777216"
    "memorysetup-gfx-thread-allocator-block-size=16777216"
    "memorysetup-cache-allocator-block-size=4194304"
    "memorysetup-typetree-allocator-block-size=2097152"
    "memorysetup-profiler-bucket-allocator-granularity=16"
    "memorysetup-profiler-bucket-allocator-bucket-count=8"
    "memorysetup-profiler-bucket-allocator-block-size=33554432"
    "memorysetup-profiler-bucket-allocator-block-count=8"
    "memorysetup-profiler-allocator-block-size=16777216"
    "memorysetup-profiler-editor-allocator-block-size=1048576"
    "memorysetup-temp-allocator-size-main=16777216"
    "memorysetup-job-temp-allocator-block-size=2097152"
    "memorysetup-job-temp-allocator-block-size-background=1048576"
    "memorysetup-job-temp-allocator-reduction-small-platforms=262144"
    "memorysetup-temp-allocator-size-background-worker=32768"
    "memorysetup-temp-allocator-size-job-worker=262144"
    "memorysetup-temp-allocator-size-preload-manager=33554432"
    "memorysetup-temp-allocator-size-nav-mesh-worker=65536"
    "memorysetup-temp-allocator-size-audio-worker=65536"
    "memorysetup-temp-allocator-size-cloud-worker=32768"
    "memorysetup-temp-allocator-size-gi-baking-worker=262144"
    "memorysetup-temp-allocator-size-gfx=262144"
Refreshing native plugins compatible for Editor in 66.12 ms, found 3 plugins.
Preloading 0 native plugins for Editor in 0.00 ms.
Initialize engine version: 2021.3.11f1 (0a5ca18544bf)
[Subsystems] Discovering subsystems at path F:/unityeditor/2021.3.11f1/Editor/Data/Resources/UnitySubsystems
[Subsystems] Discovering subsystems at path D:/UnityWyspaPiracka/zadanie/Assets
GfxDevice: creating device client; threaded=0; jobified=0
Direct3D:
    Version:  Direct3D 11.0 [level 11.1]
    Renderer: AMD Radeon RX 6750 XT (ID=0x73df)
    Vendor:   ATI
    VRAM:     12242 MB
    Driver:   31.0.14057.5006
Initialize mono
Mono path[0] = 'F:/unityeditor/2021.3.11f1/Editor/Data/Managed'
Mono path[1] = 'F:/unityeditor/2021.3.11f1/Editor/Data/MonoBleedingEdge/lib/mono/unityjit-win32'
Mono config path = 'F:/unityeditor/2021.3.11f1/Editor/Data/MonoBleedingEdge/etc'
Using monoOptions --debugger-agent=transport=dt_socket,embedding=1,server=y,suspend=n,address=127.0.0.1:56044
Begin MonoManager ReloadAssembly
Registering precompiled unity dll's ...
Register platform support module: F:/unityeditor/2021.3.11f1/Editor/Data/PlaybackEngines/WindowsStandaloneSupport/UnityEditor.WindowsStandalone.Extensions.dll
Registered in 0.001737 seconds.
Native extension for WindowsStandalone target not found
Refreshing native plugins compatible for Editor in 61.42 ms, found 3 plugins.
Preloading 0 native plugins for Editor in 0.00 ms.
Mono: successfully reloaded assembly
- Completed reload, in  0.435 seconds
Domain Reload Profiling:
	ReloadAssembly (436ms)
		BeginReloadAssembly (48ms)
			ExecutionOrderSort (0ms)
			DisableScriptedObjects (0ms)
			BackupInstance (0ms)
			ReleaseScriptingObjects (0ms)
			CreateAndSetChildDomain (1ms)
		EndReloadAssembly (318ms)
			LoadAssemblies (47ms)
			RebuildTransferFunctionScriptingTraits (0ms)
			SetupTypeCache (67ms)
			ReleaseScriptCaches (0ms)
			RebuildScriptCaches (18ms)
			SetupLoadedEditorAssemblies (200ms)
				LogAssemblyErrors (0ms)
				InitializePlatformSupportModulesInManaged (5ms)
				SetLoadedEditorAssemblies (0ms)
				RefreshPlugins (61ms)
				BeforeProcessingInitializeOnLoad (1ms)
				ProcessInitializeOnLoadAttributes (99ms)
				ProcessInitializeOnLoadMethodAttributes (34ms)
				AfterProcessingInitializeOnLoad (0ms)
				EditorAssembliesLoaded (0ms)
			ExecutionOrderSort2 (0ms)
			AwakeInstancesAfterBackupRestoration (0ms)
Platform modules already initialized, skipping
Registering precompiled user dll's ...
Registered in 0.004005 seconds.
Begin MonoManager ReloadAssembly
Symbol file LoadedFromMemory doesn't match image D:\UnityWyspaPiracka\zadanie\Library\PackageCache\com.unity.visualscripting@1.7.8\Editor\VisualScripting.Core\Dependencies\YamlDotNet\Unity.VisualScripting.YamlDotNet.dll
Symbol file LoadedFromMemory doesn't match image D:\UnityWyspaPiracka\zadanie\Library\PackageCache\com.unity.visualscripting@1.7.8\Editor\VisualScripting.Core\Dependencies\DotNetZip\Unity.VisualScripting.IonicZip.dll
Native extension for WindowsStandalone target not found
Refreshing native plugins compatible for Editor in 61.53 ms, found 3 plugins.
Preloading 0 native plugins for Editor in 0.00 ms.
Mono: successfully reloaded assembly
- Completed reload, in  0.828 seconds
Domain Reload Profiling:
	ReloadAssembly (829ms)
		BeginReloadAssembly (73ms)
			ExecutionOrderSort (0ms)
			DisableScriptedObjects (4ms)
			BackupInstance (0ms)
			ReleaseScriptingObjects (0ms)
			CreateAndSetChildDomain (14ms)
		EndReloadAssembly (681ms)
			LoadAssemblies (57ms)
			RebuildTransferFunctionScriptingTraits (0ms)
			SetupTypeCache (174ms)
			ReleaseScriptCaches (0ms)
			RebuildScriptCaches (37ms)
			SetupLoadedEditorAssemblies (383ms)
				LogAssemblyErrors (0ms)
				InitializePlatformSupportModulesInManaged (2ms)
				SetLoadedEditorAssemblies (0ms)
				RefreshPlugins (62ms)
				BeforeProcessingInitializeOnLoad (61ms)
				ProcessInitializeOnLoadAttributes (237ms)
				ProcessInitializeOnLoadMethodAttributes (18ms)
				AfterProcessingInitializeOnLoad (2ms)
				EditorAssembliesLoaded (0ms)
			ExecutionOrderSort2 (0ms)
			AwakeInstancesAfterBackupRestoration (4ms)
Platform modules already initialized, skipping
========================================================================
Worker process is ready to serve import requests
Launched and connected shader compiler UnityShaderCompiler.exe after 0.03 seconds
Refreshing native plugins compatible for Editor in 0.54 ms, found 3 plugins.
Preloading 0 native plugins for Editor in 0.00 ms.
Unloading 3615 Unused Serialized files (Serialized files now loaded: 0)
Unloading 49 unused Assets / (1.6 MB). Loaded Objects now: 4088.
Memory consumption went from 147.4 MB to 145.9 MB.
Total: 2.820000 ms (FindLiveObjects: 0.191100 ms CreateObjectMapping: 0.116500 ms MarkObjects: 2.256500 ms  DeleteObjects: 0.255300 ms)

AssetImportParameters requested are different than current active one (requested -> active):
  custom:video-decoder-ogg-theora: a1e56fd34408186e4bbccfd4996cb3dc -> 
  custom:container-muxer-webm: aa71ff27fc2769a1b78a27578f13a17b -> 
  custom:container-demuxer-webm: 4f35f7cbe854078d1ac9338744f61a02 -> 
  custom:video-encoder-webm-vp8: eb34c28f22e8b96e1ab97ce403110664 -> 
  custom:audio-encoder-webm-vorbis: bf7c407c2cedff20999df2af8eb42d56 -> 
  custom:framework-win-MediaFoundation: 216162199b28c13a410421893ffa2e32 -> 
  custom:container-demuxer-ogg: 62fdf1f143b41e24485cea50d1cbac27 -> 
  custom:video-decoder-webm-vp8: 9c59270c3fd7afecdb556c50c9e8de78 -> 
  custom:audio-decoder-ogg-vorbis: bf7c407c2cedff20999df2af8eb42d56 -> 
========================================================================
Received Prepare
Registering precompiled user dll's ...
Registered in 0.004318 seconds.
Begin MonoManager ReloadAssembly
Symbol file LoadedFromMemory doesn't match image D:\UnityWyspaPiracka\zadanie\Library\PackageCache\com.unity.visualscripting@1.7.8\Editor\VisualScripting.Core\Dependencies\YamlDotNet\Unity.VisualScripting.YamlDotNet.dll
Symbol file LoadedFromMemory doesn't match image D:\UnityWyspaPiracka\zadanie\Library\PackageCache\com.unity.visualscripting@1.7.8\Editor\VisualScripting.Core\Dependencies\DotNetZip\Unity.VisualScripting.IonicZip.dll
Native extension for WindowsStandalone target not found
Refreshing native plugins compatible for Editor in 0.46 ms, found 3 plugins.
Preloading 0 native plugins for Editor in 0.00 ms.
Mono: successfully reloaded assembly
- Completed reload, in  0.795 seconds
Domain Reload Profiling:
	ReloadAssembly (795ms)
		BeginReloadAssembly (102ms)
			ExecutionOrderSort (0ms)
			DisableScriptedObjects (4ms)
			BackupInstance (0ms)
			ReleaseScriptingObjects (0ms)
			CreateAndSetChildDomain (33ms)
		EndReloadAssembly (624ms)
			LoadAssemblies (60ms)
			RebuildTransferFunctionScriptingTraits (0ms)
			SetupTypeCache (187ms)
			ReleaseScriptCaches (1ms)
			RebuildScriptCaches (31ms)
			SetupLoadedEditorAssemblies (313ms)
				LogAssemblyErrors (0ms)
				InitializePlatformSupportModulesInManaged (9ms)
				SetLoadedEditorAssemblies (0ms)
				RefreshPlugins (0ms)
				BeforeProcessingInitializeOnLoad (45ms)
				ProcessInitializeOnLoadAttributes (235ms)
				ProcessInitializeOnLoadMethodAttributes (20ms)
				AfterProcessingInitializeOnLoad (3ms)
				EditorAssembliesLoaded (0ms)
			ExecutionOrderSort2 (0ms)
			AwakeInstancesAfterBackupRestoration (5ms)
Platform modules already initialized, skipping
Refreshing native plugins compatible for Editor in 1.34 ms, found 3 plugins.
Preloading 0 native plugins for Editor in 0.00 ms.
Unloading 3527 Unused Serialized files (Serialized files now loaded: 0)
Unloading 32 unused Assets / (1.5 MB). Loaded Objects now: 4091.
Memory consumption went from 142.6 MB to 141.1 MB.
Total: 2.600400 ms (FindLiveObjects: 0.200500 ms CreateObjectMapping: 0.107100 ms MarkObjects: 1.919900 ms  DeleteObjects: 0.372300 ms)

AssetImportParameters requested are different than current active one (requested -> active):
  custom:video-decoder-ogg-theora: a1e56fd34408186e4bbccfd4996cb3dc -> 
  custom:container-muxer-webm: aa71ff27fc2769a1b78a27578f13a17b -> 
  custom:container-demuxer-webm: 4f35f7cbe854078d1ac9338744f61a02 -> 
  custom:video-encoder-webm-vp8: eb34c28f22e8b96e1ab97ce403110664 -> 
  custom:audio-encoder-webm-vorbis: bf7c407c2cedff20999df2af8eb42d56 -> 
  custom:framework-win-MediaFoundation: 216162199b28c13a410421893ffa2e32 -> 
  custom:container-demuxer-ogg: 62fdf1f143b41e24485cea50d1cbac27 -> 
  custom:video-decoder-webm-vp8: 9c59270c3fd7afecdb556c50c9e8de78 -> 
  custom:audio-decoder-ogg-vorbis: bf7c407c2cedff20999df2af8eb42d56 -> 
========================================================================
Received Import Request.
  Time since last request: 16401.797538 seconds.
  path: Assets/Content/Models/00_Island_2.fbx
  artifactKey: Guid(539835f5aa8affc4da8041d192cff277) Importer(815301076,1909f56bfc062723c751e8b465ee728b)
Start importing Assets/Content/Models/00_Island_2.fbx using Guid(539835f5aa8affc4da8041d192cff277) Importer(815301076,1909f56bfc062723c751e8b465ee728b)  -> (artifact id: '1c2f67d4254cac5741d7c3435379faa6') in 0.159924 seconds 
========================================================================
Received Import Request.
  Time since last request: 0.000016 seconds.
  path: Assets/Content/Models/04_CannonShop_CannonBalls_Crate.fbx
  artifactKey: Guid(da6e08c241dc94f4da2d13c17b6a349e) Importer(815301076,1909f56bfc062723c751e8b465ee728b)
Start importing Assets/Content/Models/04_CannonShop_CannonBalls_Crate.fbx using Guid(da6e08c241dc94f4da2d13c17b6a349e) Importer(815301076,1909f56bfc062723c751e8b465ee728b)  -> (artifact id: 'bc2606a7a611e29ed3d767d4741fbbd9') in 0.025471 seconds 
========================================================================
Received Import Request.
  Time since last request: 0.000020 seconds.
  path: Assets/Content/Models/06_MusketShop_RiffleBox_Closed.fbx
  artifactKey: Guid(f1a28eb1c2d3f8f45b6cfcac187b3592) Importer(815301076,1909f56bfc062723c751e8b465ee728b)
Start importing Assets/Content/Models/06_MusketShop_RiffleBox_Closed.fbx using Guid(f1a28eb1c2d3f8f45b6cfcac187b3592) Importer(815301076,1909f56bfc062723c751e8b465ee728b)  -> (artifact id: '10fd0d7eb4f18cc35a961660eb59c959') in 0.026440 seconds 
========================================================================
Received Import Request.
  Time since last request: 0.000017 seconds.
  path: Assets/Content/Models/05_Destilery_Rum_Crate_2.fbx
  artifactKey: Guid(def21c7a91fc2ef40a74b196f9f84ae7) Importer(815301076,1909f56bfc062723c751e8b465ee728b)
Start importing Assets/Content/Models/05_Destilery_Rum_Crate_2.fbx using Guid(def21c7a91fc2ef40a74b196f9f84ae7) Importer(815301076,1909f56bfc062723c751e8b465ee728b)  -> (artifact id: '4a079391c15c84ad06b5706efc6bf933') in 0.023349 seconds 
========================================================================
Received Import Request.
  Time since last request: 0.000015 seconds.
  path: Assets/Content/Models/03_FishermanHouse_FishTrap.fbx
  artifactKey: Guid(f5516ef24675b334590fe8082b5ef832) Importer(815301076,1909f56bfc062723c751e8b465ee728b)
Start importing Assets/Content/Models/03_FishermanHouse_FishTrap.fbx using Guid(f5516ef24675b334590fe8082b5ef832) Importer(815301076,1909f56bfc062723c751e8b465ee728b)  -> (artifact id: '7a3cab7c6b86741d3334d059f3706b34') in 0.021670 seconds 
========================================================================
Received Import Request.
  Time since last request: 0.000017 seconds.
  path: Assets/Content/Models/00_Island_7.fbx
  artifactKey: Guid(fac4db536483c0b4bb5369e0ae62af43) Importer(815301076,1909f56bfc062723c751e8b465ee728b)
Start importing Assets/Content/Models/00_Island_7.fbx using Guid(fac4db536483c0b4bb5369e0ae62af43) Importer(815301076,1909f56bfc062723c751e8b465ee728b)  -> (artifact id: '36fc29e37db44cf703ed9f949861e5ca') in 0.066379 seconds 
========================================================================
Received Import Request.
  Time since last request: 0.000014 seconds.
  path: Assets/Content/Models/03_FishermanHouse_FishermanCart.fbx
  artifactKey: Guid(57b6f43284f4e594894b13115a0a438a) Importer(815301076,1909f56bfc062723c751e8b465ee728b)
Start importing Assets/Content/Models/03_FishermanHouse_FishermanCart.fbx using Guid(57b6f43284f4e594894b13115a0a438a) Importer(815301076,1909f56bfc062723c751e8b465ee728b)  -> (artifact id: '2957e40919e24b310fb0b5d3775d8d88') in 0.017822 seconds 
========================================================================
Received Import Request.
  Time since last request: 0.000016 seconds.
  path: Assets/Content/Models/03_FishermanHouse_FishermanStand_2.fbx
  artifactKey: Guid(84dd2bbf01ae20c4a8f1c5d2bb025338) Importer(815301076,1909f56bfc062723c751e8b465ee728b)
Start importing Assets/Content/Models/03_FishermanHouse_FishermanStand_2.fbx using Guid(84dd2bbf01ae20c4a8f1c5d2bb025338) Importer(815301076,1909f56bfc062723c751e8b465ee728b)  -> (artifact id: 'cae7cbef353caa1207c0f94d19a981a6') in 0.019604 seconds 
========================================================================
Received Import Request.
  Time since last request: 0.000013 seconds.
  path: Assets/Content/Models/03_FishermanHouse_FishermanStand_3.fbx
  artifactKey: Guid(e86cf1db2dedac243a9ceffe2f9e4567) Importer(815301076,1909f56bfc062723c751e8b465ee728b)
Start importing Assets/Content/Models/03_FishermanHouse_FishermanStand_3.fbx using Guid(e86cf1db2dedac243a9ceffe2f9e4567) Importer(815301076,1909f56bfc062723c751e8b465ee728b)  -> (artifact id: 'b2bffa251fb34717fa543548c1b027a4') in 0.021765 seconds 
========================================================================
Received Import Request.
  Time since last request: 0.000019 seconds.
  path: Assets/Content/Models/02_Market_Banner_Barrels.fbx
  artifactKey: Guid(49e272a6035c131408a2014d7e13bbdd) Importer(815301076,1909f56bfc062723c751e8b465ee728b)
Start importing Assets/Content/Models/02_Market_Banner_Barrels.fbx using Guid(49e272a6035c131408a2014d7e13bbdd) Importer(815301076,1909f56bfc062723c751e8b465ee728b)  -> (artifact id: '464bd87d0c952012b212f91ed2a3f46b') in 0.020229 seconds 
========================================================================
Received Import Request.
  Time since last request: 0.000022 seconds.
  path: Assets/Content/Models/04_CannonShop_Banner_Cannon.fbx
  artifactKey: Guid(43fb5ebd9bcd33b4b9531f3337abb147) Importer(815301076,1909f56bfc062723c751e8b465ee728b)
Start importing Assets/Content/Models/04_CannonShop_Banner_Cannon.fbx using Guid(43fb5ebd9bcd33b4b9531f3337abb147) Importer(815301076,1909f56bfc062723c751e8b465ee728b)  -> (artifact id: '0f3e9bc7bfc71962b2ab23587f4387fc') in 0.022468 seconds 
========================================================================
Received Import Request.
  Time since last request: 0.000015 seconds.
  path: Assets/Content/Models/04_CannonShop_Cannon_Cart.fbx
  artifactKey: Guid(701acdabf1b948e498a5a2c95b65f618) Importer(815301076,1909f56bfc062723c751e8b465ee728b)
Start importing Assets/Content/Models/04_CannonShop_Cannon_Cart.fbx using Guid(701acdabf1b948e498a5a2c95b65f618) Importer(815301076,1909f56bfc062723c751e8b465ee728b)  -> (artifact id: 'c034cfacea7b03416ab9bd99a0c5c2d5') in 0.021835 seconds 
========================================================================
Received Import Request.
  Time since last request: 0.000016 seconds.
  path: Assets/Content/Models/04_CannonShop_Cannon_Mold_Crashed.fbx
  artifactKey: Guid(87af976a6688bbf4ca9e8cd623cb5972) Importer(815301076,1909f56bfc062723c751e8b465ee728b)
Start importing Assets/Content/Models/04_CannonShop_Cannon_Mold_Crashed.fbx using Guid(87af976a6688bbf4ca9e8cd623cb5972) Importer(815301076,1909f56bfc062723c751e8b465ee728b)  -> (artifact id: '6c0ee9c6c1c5ed3010459e87eb63d9b4') in 0.021048 seconds 
========================================================================
Received Import Request.
  Time since last request: 0.000018 seconds.
  path: Assets/Content/Models/01_House_2.fbx
  artifactKey: Guid(b8e52bda523c1db4d8270bd07c0cf66e) Importer(815301076,1909f56bfc062723c751e8b465ee728b)
Start importing Assets/Content/Models/01_House_2.fbx using Guid(b8e52bda523c1db4d8270bd07c0cf66e) Importer(815301076,1909f56bfc062723c751e8b465ee728b)  -> (artifact id: '38510ea34c6160a9a118715ccd7fa6e9') in 0.039051 seconds 
========================================================================
Received Import Request.
  Time since last request: 0.000016 seconds.
  path: Assets/Content/Models/00_Island_3.fbx
  artifactKey: Guid(32f383f06f55662488a8b6ffb65c0795) Importer(815301076,1909f56bfc062723c751e8b465ee728b)
Start importing Assets/Content/Models/00_Island_3.fbx using Guid(32f383f06f55662488a8b6ffb65c0795) Importer(815301076,1909f56bfc062723c751e8b465ee728b)  -> (artifact id: '69cbee60864194a18a0fe873ae8caedf') in 0.034524 seconds 
========================================================================
Received Import Request.
  Time since last request: 0.000019 seconds.
  path: Assets/Content/Models/03_FishermanHouse_FishermanStand_1.fbx
  artifactKey: Guid(f503d54e588bb1e4789d0dcc232e3619) Importer(815301076,1909f56bfc062723c751e8b465ee728b)
Start importing Assets/Content/Models/03_FishermanHouse_FishermanStand_1.fbx using Guid(f503d54e588bb1e4789d0dcc232e3619) Importer(815301076,1909f56bfc062723c751e8b465ee728b)  -> (artifact id: '1ab90ec2a1b106253f065b1cc8e14e67') in 0.023165 seconds 
========================================================================
Received Import Request.
  Time since last request: 0.000017 seconds.
  path: Assets/Content/Models/02_Market_Barrel_WithCrane.fbx
  artifactKey: Guid(f3c8c3810406e2a488350d3ac348382c) Importer(815301076,1909f56bfc062723c751e8b465ee728b)
Start importing Assets/Content/Models/02_Market_Barrel_WithCrane.fbx using Guid(f3c8c3810406e2a488350d3ac348382c) Importer(815301076,1909f56bfc062723c751e8b465ee728b)  -> (artifact id: 'ea9d329e3bf7904e334709beab9af313') in 0.021508 seconds 
========================================================================
Received Import Request.
  Time since last request: 0.000016 seconds.
  path: Assets/Content/Models/05_Destilery_BigTank.fbx
  artifactKey: Guid(1e60dad19ce51aa4da8ea364b3c4195f) Importer(815301076,1909f56bfc062723c751e8b465ee728b)
Start importing Assets/Content/Models/05_Destilery_BigTank.fbx using Guid(1e60dad19ce51aa4da8ea364b3c4195f) Importer(815301076,1909f56bfc062723c751e8b465ee728b)  -> (artifact id: 'e95b9f19bf3e4b6ed488a5393635600b') in 0.023939 seconds 
========================================================================
Received Import Request.
  Time since last request: 0.000021 seconds.
  path: Assets/Content/Models/03_FishermanHouse_Bucket_Empty.fbx
  artifactKey: Guid(fc6740e9ed3616048bc5e1b2b518357b) Importer(815301076,1909f56bfc062723c751e8b465ee728b)
Start importing Assets/Content/Models/03_FishermanHouse_Bucket_Empty.fbx using Guid(fc6740e9ed3616048bc5e1b2b518357b) Importer(815301076,1909f56bfc062723c751e8b465ee728b)  -> (artifact id: '336fc19c00503780b7e08d5519619e1b') in 0.019794 seconds 
========================================================================
Received Import Request.
  Time since last request: 0.000017 seconds.
  path: Assets/Content/Models/04_CannonShop_CannonBall_Stack_2.fbx
  artifactKey: Guid(218e3a2240f40ea48bd8cbc6619377f4) Importer(815301076,1909f56bfc062723c751e8b465ee728b)
Start importing Assets/Content/Models/04_CannonShop_CannonBall_Stack_2.fbx using Guid(218e3a2240f40ea48bd8cbc6619377f4) Importer(815301076,1909f56bfc062723c751e8b465ee728b)  -> (artifact id: '59c3044ee15d6b935b58268a8403a570') in 0.020581 seconds 
========================================================================
Received Import Request.
  Time since last request: 0.000013 seconds.
  path: Assets/Content/Models/02_Market_Barrel_Single_Closed.fbx
  artifactKey: Guid(bd15de13cb7383047bd407f38b7b2a94) Importer(815301076,1909f56bfc062723c751e8b465ee728b)
Start importing Assets/Content/Models/02_Market_Barrel_Single_Closed.fbx using Guid(bd15de13cb7383047bd407f38b7b2a94) Importer(815301076,1909f56bfc062723c751e8b465ee728b)  -> (artifact id: '7a3ee88ee3f84226b1c82216b31ef7ee') in 0.015313 seconds 
========================================================================
Received Import Request.
  Time since last request: 0.000013 seconds.
  path: Assets/Content/Models/02_Market_Sack_Single.fbx
  artifactKey: Guid(20f67ae64b4325f4fbb54f59729b96d2) Importer(815301076,1909f56bfc062723c751e8b465ee728b)
Start importing Assets/Content/Models/02_Market_Sack_Single.fbx using Guid(20f67ae64b4325f4fbb54f59729b96d2) Importer(815301076,1909f56bfc062723c751e8b465ee728b)  -> (artifact id: 'ccabf295b6f8a79871171fa32085f473') in 0.020214 seconds 
========================================================================
Received Import Request.
  Time since last request: 0.000015 seconds.
  path: Assets/Content/Models/04_CannonShop_CannonBall_Stack.fbx
  artifactKey: Guid(bd8dbaf34d06e01409015ae0bab647ce) Importer(815301076,1909f56bfc062723c751e8b465ee728b)
Start importing Assets/Content/Models/04_CannonShop_CannonBall_Stack.fbx using Guid(bd8dbaf34d06e01409015ae0bab647ce) Importer(815301076,1909f56bfc062723c751e8b465ee728b)  -> (artifact id: 'aff98e1d1fc3414b30a886ce9c099c94') in 0.018389 seconds 
========================================================================
Received Import Request.
  Time since last request: 0.000017 seconds.
  path: Assets/Content/Models/00_Island_4.fbx
  artifactKey: Guid(ec1fdaabbc0025c4b9b929094a3bee24) Importer(815301076,1909f56bfc062723c751e8b465ee728b)
Start importing Assets/Content/Models/00_Island_4.fbx using Guid(ec1fdaabbc0025c4b9b929094a3bee24) Importer(815301076,1909f56bfc062723c751e8b465ee728b)  -> (artifact id: '971087d4e2b1af7de4ff02b23f4902d7') in 0.039128 seconds 
========================================================================
Received Import Request.
  Time since last request: 0.000018 seconds.
  path: Assets/Content/Models/06_MusketShop_Rifle_1.fbx
  artifactKey: Guid(b5c4cf23d68933845ac108c978f7ab96) Importer(815301076,1909f56bfc062723c751e8b465ee728b)
Start importing Assets/Content/Models/06_MusketShop_Rifle_1.fbx using Guid(b5c4cf23d68933845ac108c978f7ab96) Importer(815301076,1909f56bfc062723c751e8b465ee728b)  -> (artifact id: '2c69e7da0e5d8928f27151e1adb6f000') in 0.020095 seconds 
========================================================================
Received Import Request.
  Time since last request: 0.000017 seconds.
  path: Assets/Content/Models/04_CannonShop_Cannon.fbx
  artifactKey: Guid(021f63718ae0ac84cabb4c89d60ae2ca) Importer(815301076,1909f56bfc062723c751e8b465ee728b)
Start importing Assets/Content/Models/04_CannonShop_Cannon.fbx using Guid(021f63718ae0ac84cabb4c89d60ae2ca) Importer(815301076,1909f56bfc062723c751e8b465ee728b)  -> (artifact id: '1eac2119924149d8ef95a024c5b5f264') in 0.017985 seconds 
========================================================================
Received Import Request.
  Time since last request: 0.000015 seconds.
  path: Assets/Content/Models/02_Market_Crate_3.fbx
  artifactKey: Guid(1bfd54d226df73a47a1043fc694d508f) Importer(815301076,1909f56bfc062723c751e8b465ee728b)
Start importing Assets/Content/Models/02_Market_Crate_3.fbx using Guid(1bfd54d226df73a47a1043fc694d508f) Importer(815301076,1909f56bfc062723c751e8b465ee728b)  -> (artifact id: '4be8b4290b81474e1287d72fcc527de1') in 0.022170 seconds 
